mode: set
ml-x-men/internal/application/person.go:11.61,14.28 2 0
ml-x-men/internal/application/person.go:20.2,20.22 1 0
ml-x-men/internal/application/person.go:14.28,16.15 2 0
ml-x-men/internal/application/person.go:16.15,17.9 1 0
ml-x-men/internal/application/person.go:23.66,26.2 1 1
ml-x-men/internal/application/person.go:27.85,30.2 1 0
ml-x-men/internal/application/person.go:32.60,33.35 1 0
ml-x-men/internal/application/person.go:40.2,40.14 1 0
ml-x-men/internal/application/person.go:33.35,34.39 1 0
ml-x-men/internal/application/person.go:34.39,35.48 1 0
ml-x-men/internal/application/person.go:35.48,37.5 1 0
ml-x-men/internal/application/person.go:43.80,44.33 1 0
ml-x-men/internal/application/person.go:48.2,51.25 2 0
ml-x-men/internal/application/person.go:73.2,73.14 1 0
ml-x-men/internal/application/person.go:44.33,46.3 1 0
ml-x-men/internal/application/person.go:51.25,55.67 4 0
ml-x-men/internal/application/person.go:69.3,69.33 1 0
ml-x-men/internal/application/person.go:55.67,57.115 1 0
ml-x-men/internal/application/person.go:61.4,61.67 1 0
ml-x-men/internal/application/person.go:65.4,66.31 2 0
ml-x-men/internal/application/person.go:57.115,58.10 1 0
ml-x-men/internal/application/person.go:61.67,62.10 1 0
ml-x-men/internal/application/person.go:69.33,71.4 1 0
ml-x-men/internal/application/stat.go:3.103,5.2 1 1
ml-x-men/internal/application/handler.go:26.43,27.21 1 1
ml-x-men/internal/application/handler.go:30.2,30.22 1 1
ml-x-men/internal/application/handler.go:33.2,36.3 1 1
ml-x-men/internal/application/handler.go:27.21,29.3 1 0
ml-x-men/internal/application/handler.go:30.22,32.3 1 0
