mode: set
ml-x-men/internal/application/handler.go:26.43,27.21 1 1
ml-x-men/internal/application/handler.go:30.2,30.22 1 1
ml-x-men/internal/application/handler.go:33.2,36.3 1 1
ml-x-men/internal/application/handler.go:27.21,29.3 1 0
ml-x-men/internal/application/handler.go:30.22,32.3 1 0
ml-x-men/internal/application/person.go:11.61,14.28 2 1
ml-x-men/internal/application/person.go:20.2,20.22 1 1
ml-x-men/internal/application/person.go:14.28,16.15 2 1
ml-x-men/internal/application/person.go:16.15,17.9 1 1
ml-x-men/internal/application/person.go:23.66,26.2 1 1
ml-x-men/internal/application/person.go:27.85,30.2 1 1
ml-x-men/internal/application/person.go:32.60,33.35 1 1
ml-x-men/internal/application/person.go:40.2,40.14 1 1
ml-x-men/internal/application/person.go:33.35,34.39 1 1
ml-x-men/internal/application/person.go:34.39,35.48 1 1
ml-x-men/internal/application/person.go:35.48,37.5 1 1
ml-x-men/internal/application/person.go:43.80,44.33 1 1
ml-x-men/internal/application/person.go:48.2,51.25 2 1
ml-x-men/internal/application/person.go:73.2,73.14 1 1
ml-x-men/internal/application/person.go:44.33,46.3 1 1
ml-x-men/internal/application/person.go:51.25,55.67 4 1
ml-x-men/internal/application/person.go:69.3,69.33 1 1
ml-x-men/internal/application/person.go:55.67,57.115 1 1
ml-x-men/internal/application/person.go:61.4,61.67 1 1
ml-x-men/internal/application/person.go:65.4,66.31 2 1
ml-x-men/internal/application/person.go:57.115,58.10 1 1
ml-x-men/internal/application/person.go:61.67,62.10 1 1
ml-x-men/internal/application/person.go:69.33,71.4 1 1
ml-x-men/internal/application/stat.go:3.103,5.2 1 1
ml-x-men/internal/adapters/http/gin.server/gin.go:29.58,42.2 7 0
ml-x-men/internal/adapters/http/gin.server/gin.go:45.57,55.2 1 0
ml-x-men/internal/adapters/http/gin.server/gin.go:58.28,60.16 2 0
ml-x-men/internal/adapters/http/gin.server/gin.go:60.16,61.75 1 0
ml-x-men/internal/adapters/http/gin.server/mutantPost.go:15.52,19.41 3 1
ml-x-men/internal/adapters/http/gin.server/mutantPost.go:24.2,26.16 3 1
ml-x-men/internal/adapters/http/gin.server/mutantPost.go:47.2,47.21 1 1
ml-x-men/internal/adapters/http/gin.server/mutantPost.go:19.41,23.3 3 1
ml-x-men/internal/adapters/http/gin.server/mutantPost.go:26.16,30.3 3 1
ml-x-men/internal/adapters/http/gin.server/mutantPost.go:30.8,30.26 1 1
ml-x-men/internal/adapters/http/gin.server/mutantPost.go:30.26,33.17 3 1
ml-x-men/internal/adapters/http/gin.server/mutantPost.go:39.3,40.17 2 1
ml-x-men/internal/adapters/http/gin.server/mutantPost.go:33.17,37.4 3 1
ml-x-men/internal/adapters/http/gin.server/mutantPost.go:40.17,44.4 3 1
ml-x-men/internal/adapters/http/gin.server/mutantPost.go:47.21,49.3 1 1
ml-x-men/internal/adapters/http/gin.server/mutantPost.go:49.8,52.3 2 1
ml-x-men/internal/adapters/http/gin.server/router.go:16.53,20.2 1 1
ml-x-men/internal/adapters/http/gin.server/router.go:22.90,27.2 1 0
ml-x-men/internal/adapters/http/gin.server/router.go:29.50,36.33 5 1
ml-x-men/internal/adapters/http/gin.server/router.go:36.33,38.3 1 0
ml-x-men/internal/adapters/http/gin.server/router.go:42.60,45.2 2 1
ml-x-men/internal/adapters/http/gin.server/router.go:46.59,49.2 2 1
ml-x-men/internal/adapters/http/gin.server/router.go:51.56,52.30 1 1
ml-x-men/internal/adapters/http/gin.server/router.go:52.30,54.30 2 1
ml-x-men/internal/adapters/http/gin.server/router.go:54.30,62.4 1 1
ml-x-men/internal/adapters/http/gin.server/router.go:68.64,69.35 1 1
ml-x-men/internal/adapters/http/gin.server/router.go:69.35,71.3 1 1
ml-x-men/internal/adapters/http/gin.server/router.go:74.59,76.2 1 1
ml-x-men/internal/adapters/http/gin.server/statGet.go:9.50,13.16 3 1
ml-x-men/internal/adapters/http/gin.server/statGet.go:18.2,18.83 1 1
ml-x-men/internal/adapters/http/gin.server/statGet.go:13.16,17.3 3 1
